<!DOCTYPE html PUBLIC "-//W3C//DTD XHTML 1.1//EN" "https://www.w3.org/TR/xhtml11/DTD/xhtml11.dtd">
<html xmlns="https://www.w3.org/1999/xhtml">
<head>
<meta http-equiv="content-type" content="text/html; charset=UTF-8"/>
<title>TestNG Report</title>
<style type="text/css">table {margin-bottom:10px;border-collapse:collapse;empty-cells:show}th,td {border:1px solid #009;padding:.25em .5em}th {vertical-align:bottom}td {vertical-align:top}table a {font-weight:bold}.stripe td {background-color: #E6EBF9}.num {text-align:right}.passedodd td {background-color: #3F3}.passedeven td {background-color: #0A0}.skippedodd td {background-color: #DDD}.skippedeven td {background-color: #CCC}.failedodd td,.attn {background-color: #F33}.failedeven td,.stripe .attn {background-color: #D00}.stacktrace {white-space:pre;font-family:monospace}.totop {font-size:85%;text-align:center;border-bottom:2px solid #000}.invisible {display:none}</style>
</head>
<body>
<table>
<tr><th>Test</th><th># Passed</th><th># Skipped</th><th># Retried</th><th># Failed</th><th>Time (ms)</th><th>Included Groups</th><th>Excluded Groups</th></tr>
<tr><th colspan="8">Suite</th></tr>
<tr><td><a href="#t0">E-Commerce</a></td><td class="num">14</td><td class="num">0</td><td class="num">0</td><td class="num attn">6</td><td class="num">270,348</td><td></td><td></td></tr>
</table>
<table id='summary'><thead><tr><th>Class</th><th>Method</th><th>Start</th><th>Time (ms)</th></tr></thead><tbody><tr><th colspan="4">Suite</th></tr></tbody><tbody id="t0"><tr><th colspan="4">E-Commerce &#8212; failed</th></tr><tr class="failedeven"><td rowspan="1">TestAdmin.TestAddSystemUsers</td><td><a href="#m0">testAddUsersPositiveScenario</a></td><td rowspan="1">1739650515871</td><td rowspan="1">44631</td></tr><tr class="failedodd"><td rowspan="1">TestAdmin.TestDeleteSystemUsers</td><td><a href="#m1">testDeleteUsersNegativeScenario</a></td><td rowspan="1">1739650630102</td><td rowspan="1">2629</td></tr><tr class="failedeven"><td rowspan="1">TestAdmin.TestEmailConfiguration</td><td><a href="#m2">testEditEmailConfiguration</a></td><td rowspan="1">1739650732038</td><td rowspan="1">8043</td></tr><tr class="failedodd"><td rowspan="2">TestAdmin.TestEmailSubscriptions</td><td><a href="#m3">testAddNewEmailSubscription</a></td><td rowspan="1">1739650758868</td><td rowspan="1">3061</td></tr><tr class="failedodd"><td><a href="#m4">testEditEmailConfiguration</a></td><td rowspan="1">1739650753685</td><td rowspan="1">5055</td></tr><tr class="failedeven"><td rowspan="1">TestAdmin.TestJobTitle</td><td><a href="#m5">testJobExistance</a></td><td rowspan="1">1739650662305</td><td rowspan="1">3679</td></tr><tr><th colspan="4">E-Commerce &#8212; passed</th></tr><tr class="passedeven"><td rowspan="1">TestAdmin.TestAddSystemUsers</td><td><a href="#m6">testAddUsersNegativeScenario</a></td><td rowspan="1">1739650498942</td><td rowspan="1">16922</td></tr><tr class="passedodd"><td rowspan="2">TestAdmin.TestAdminSearchPage</td><td><a href="#m7">verfiyResetSearchButton</a></td><td rowspan="1">1739650567145</td><td rowspan="1">3392</td></tr><tr class="passedodd"><td><a href="#m8">verifySearchSystemsUsersviaName</a></td><td rowspan="1">1739650570538</td><td rowspan="1">11302</td></tr><tr class="passedeven"><td rowspan="1">TestAdmin.TestCorporateBranding</td><td><a href="#m9">testEditCorporateBranding</a></td><td rowspan="1">1739650601905</td><td rowspan="1">20039</td></tr><tr class="passedodd"><td rowspan="1">TestAdmin.TestEditSystemUsers</td><td><a href="#m10">testAddUsersPositiveScenario</a></td><td rowspan="1">1739650648144</td><td rowspan="1">2702</td></tr><tr class="passedeven"><td rowspan="4">TestAdmin.TestJobTitle</td><td><a href="#m11">testJobDeletion</a></td><td rowspan="1">1739650656272</td><td rowspan="1">6031</td></tr><tr class="passedeven"><td><a href="#m12">testJobTitleCreationNegative</a></td><td rowspan="1">1739650666122</td><td rowspan="1">4559</td></tr><tr class="passedeven"><td><a href="#m13">testJobTitleCreationPositive</a></td><td rowspan="1">1739650670682</td><td rowspan="1">6966</td></tr><tr class="passedeven"><td><a href="#m14">testUploadFileExceedSize</a></td><td rowspan="1">1739650677649</td><td rowspan="1">4144</td></tr><tr class="passedodd"><td rowspan="1">TestAdmin.TestLoginLandingPage</td><td><a href="#m15">verifyLoginFuncationlaity</a></td><td rowspan="1">1739650587109</td><td rowspan="1">1</td></tr><tr class="passedeven"><td rowspan="1">TestAdmin.TestOrganization</td><td><a href="#m16">testOrgPositive</a></td><td rowspan="1">1739650687284</td><td rowspan="1">7719</td></tr><tr class="passedodd"><td rowspan="3">TestAdmin.TestWorkShift</td><td><a href="#m17">testWorkShiftCreationInvalidShift</a></td><td rowspan="1">1739650718601</td><td rowspan="1">7938</td></tr><tr class="passedodd"><td><a href="#m18">testWorkShiftCreationNameExisted</a></td><td rowspan="1">1739650712751</td><td rowspan="1">5850</td></tr><tr class="passedodd"><td><a href="#m19">testWorkShiftCreationPositive</a></td><td rowspan="1">1739650703637</td><td rowspan="1">9113</td></tr></tbody>
</table>
<h2>E-Commerce</h2><h3 id="m0">TestAdmin.TestAddSystemUsers#testAddUsersPositiveScenario</h3><table class="result"><tr><th>Exception</th></tr><tr><td><div class="stacktrace">org.openqa.selenium.TimeoutException: Expected condition failed: waiting for visibility of Proxy element for: DefaultElementLocator &apos;By.cssSelector: div.oxd-toast-content&apos; (tried for 40 second(s) with 500 milliseconds interval)
	at org.openqa.selenium.support.ui.WebDriverWait.timeoutException(WebDriverWait.java:84)
	at org.openqa.selenium.support.ui.FluentWait.until(FluentWait.java:228)
	at AbstractComponents.AbstractComponent.waitForElementToAppear(AbstractComponent.java:57)
	at Admin.AddSystemsUsers.AddUsersPositiveScenario(AddSystemsUsers.java:135)
	at TestAdmin.TestAddSystemUsers.testAddUsersPositiveScenario(TestAddSystemUsers.java:20)
	at java.base/java.util.ArrayList.forEach(ArrayList.java:1511)
Caused by: org.openqa.selenium.NoSuchElementException: no such element: Unable to locate element: {&quot;method&quot;:&quot;css selector&quot;,&quot;selector&quot;:&quot;div.oxd-toast-content&quot;}
  (Session info: chrome=133.0.6943.98)
For documentation on this error, please visit: https://www.selenium.dev/documentation/webdriver/troubleshooting/errors#no-such-element-exception
Build info: version: &apos;4.24.0&apos;, revision: &apos;748ffc9bc3&apos;
System info: os.name: &apos;Windows 10&apos;, os.arch: &apos;amd64&apos;, os.version: &apos;10.0&apos;, java.version: &apos;17&apos;
Driver info: org.openqa.selenium.chrome.ChromeDriver
Command: [f92cebbc07ccdb1f4149181364b880d3, findElement {value=div.oxd-toast-content, using=css selector}]
Capabilities {acceptInsecureCerts: false, browserName: chrome, browserVersion: 133.0.6943.98, chrome: {chromedriverVersion: 133.0.6943.98 (da53563ceb66..., userDataDir: C:\Users\Mohamed\AppData\Lo...}, fedcm:accounts: true, goog:chromeOptions: {debuggerAddress: localhost:49582}, networkConnectionEnabled: false, pageLoadStrategy: normal, platformName: windows, proxy: Proxy(), se:cdp: ws://localhost:49582/devtoo..., se:cdpVersion: 133.0.6943.98, setWindowRect: true, strictFileInteractability: false, timeouts: {implicit: 0, pageLoad: 300000, script: 30000}, unhandledPromptBehavior: dismiss and notify, webauthn:extension:credBlob: true, webauthn:extension:largeBlob: true, webauthn:extension:minPinLength: true, webauthn:extension:prf: true, webauthn:virtualAuthenticators: true}
Session ID: f92cebbc07ccdb1f4149181364b880d3
	at org.openqa.selenium.remote.ErrorCodec.decode(ErrorCodec.java:167)
	at org.openqa.selenium.remote.codec.w3c.W3CHttpResponseCodec.decode(W3CHttpResponseCodec.java:138)
	at org.openqa.selenium.remote.codec.w3c.W3CHttpResponseCodec.decode(W3CHttpResponseCodec.java:50)
	at org.openqa.selenium.remote.HttpCommandExecutor.execute(HttpCommandExecutor.java:190)
	at org.openqa.selenium.remote.service.DriverCommandExecutor.invokeExecute(DriverCommandExecutor.java:216)
	at org.openqa.selenium.remote.service.DriverCommandExecutor.execute(DriverCommandExecutor.java:174)
	at org.openqa.selenium.remote.RemoteWebDriver.execute(RemoteWebDriver.java:545)
	at org.openqa.selenium.remote.ElementLocation$ElementFinder$2.findElement(ElementLocation.java:165)
	at org.openqa.selenium.remote.ElementLocation.findElement(ElementLocation.java:59)
	at org.openqa.selenium.remote.RemoteWebDriver.findElement(RemoteWebDriver.java:368)
	at org.openqa.selenium.remote.RemoteWebDriver.findElement(RemoteWebDriver.java:362)
	at org.openqa.selenium.support.pagefactory.DefaultElementLocator.findElement(DefaultElementLocator.java:68)
	at org.openqa.selenium.support.pagefactory.internal.LocatingElementHandler.invoke(LocatingElementHandler.java:38)
	at jdk.proxy2/jdk.proxy2.$Proxy14.isDisplayed(Unknown Source)
	at org.openqa.selenium.support.ui.ExpectedConditions.elementIfVisible(ExpectedConditions.java:304)
	at org.openqa.selenium.support.ui.ExpectedConditions$10.apply(ExpectedConditions.java:290)
	at org.openqa.selenium.support.ui.ExpectedConditions$10.apply(ExpectedConditions.java:287)
	at org.openqa.selenium.support.ui.FluentWait.until(FluentWait.java:203)
	... 31 more
... Removed 31 stack frames</div></td></tr></table><p class="totop"><a href="#summary">back to summary</a></p>
<h3 id="m1">TestAdmin.TestDeleteSystemUsers#testDeleteUsersNegativeScenario</h3><table class="result"><tr><th>Exception</th></tr><tr><td><div class="stacktrace">org.openqa.selenium.NoSuchElementException: no such element: Unable to locate element: {&quot;method&quot;:&quot;xpath&quot;,&quot;selector&quot;:&quot;//div[text()=&apos;Fernando Gianini&apos;]&quot;}
  (Session info: chrome=133.0.6943.98)
For documentation on this error, please visit: https://www.selenium.dev/documentation/webdriver/troubleshooting/errors#no-such-element-exception
Build info: version: &apos;4.24.0&apos;, revision: &apos;748ffc9bc3&apos;
System info: os.name: &apos;Windows 10&apos;, os.arch: &apos;amd64&apos;, os.version: &apos;10.0&apos;, java.version: &apos;17&apos;
Driver info: org.openqa.selenium.chrome.ChromeDriver
Command: [b38d084aff7fab98e751e8b4a7594989, findChildElement {using=xpath, value=//div[text()=&apos;Fernando Gianini&apos;], id=f.3F66415CCFE70C702E0D4353B6A9BD03.d.8FA8DC84E831CDE9E0B2928B4A8F6FFA.e.58}]
Capabilities {acceptInsecureCerts: false, browserName: chrome, browserVersion: 133.0.6943.98, chrome: {chromedriverVersion: 133.0.6943.98 (da53563ceb66..., userDataDir: C:\Users\Mohamed\AppData\Lo...}, fedcm:accounts: true, goog:chromeOptions: {debuggerAddress: localhost:50055}, networkConnectionEnabled: false, pageLoadStrategy: normal, platformName: windows, proxy: Proxy(), se:cdp: ws://localhost:50055/devtoo..., se:cdpVersion: 133.0.6943.98, setWindowRect: true, strictFileInteractability: false, timeouts: {implicit: 0, pageLoad: 300000, script: 30000}, unhandledPromptBehavior: dismiss and notify, webauthn:extension:credBlob: true, webauthn:extension:largeBlob: true, webauthn:extension:minPinLength: true, webauthn:extension:prf: true, webauthn:virtualAuthenticators: true}
Session ID: b38d084aff7fab98e751e8b4a7594989
	at org.openqa.selenium.remote.ErrorCodec.decode(ErrorCodec.java:167)
	at org.openqa.selenium.remote.codec.w3c.W3CHttpResponseCodec.decode(W3CHttpResponseCodec.java:138)
	at org.openqa.selenium.remote.codec.w3c.W3CHttpResponseCodec.decode(W3CHttpResponseCodec.java:50)
	at org.openqa.selenium.remote.HttpCommandExecutor.execute(HttpCommandExecutor.java:190)
	at org.openqa.selenium.remote.service.DriverCommandExecutor.invokeExecute(DriverCommandExecutor.java:216)
	at org.openqa.selenium.remote.service.DriverCommandExecutor.execute(DriverCommandExecutor.java:174)
	at org.openqa.selenium.remote.RemoteWebDriver.execute(RemoteWebDriver.java:545)
	at org.openqa.selenium.remote.ElementLocation$ElementFinder$2.findElement(ElementLocation.java:165)
	at org.openqa.selenium.remote.ElementLocation.findElement(ElementLocation.java:59)
	at org.openqa.selenium.remote.RemoteWebDriver.findElement(RemoteWebDriver.java:368)
	at org.openqa.selenium.remote.RemoteWebElement.findElement(RemoteWebElement.java:211)
	at org.openqa.selenium.support.pagefactory.internal.LocatingElementHandler.invoke(LocatingElementHandler.java:51)
	at jdk.proxy2/jdk.proxy2.$Proxy14.findElement(Unknown Source)
	at Admin.DeleteSystemsUsers.deleteSpecificUser(DeleteSystemsUsers.java:65)
	at TestAdmin.TestDeleteSystemUsers.testDeleteUsersNegativeScenario(TestDeleteSystemUsers.java:13)
	at java.base/java.util.ArrayList.forEach(ArrayList.java:1511)
... Removed 35 stack frames</div></td></tr></table><p class="totop"><a href="#summary">back to summary</a></p>
<h3 id="m2">TestAdmin.TestEmailConfiguration#testEditEmailConfiguration</h3><table class="result"><tr><th>Exception</th></tr><tr><td><div class="stacktrace">org.openqa.selenium.ElementClickInterceptedException: element click intercepted: Element &lt;button data-v-10d463b7=&quot;&quot; data-v-0b55d614=&quot;&quot; type=&quot;submit&quot; class=&quot;oxd-button oxd-button--medium oxd-button--secondary orangehrm-left-space&quot;&gt;...&lt;/button&gt; is not clickable at point (1401, 671). Other element would receive the click: &lt;div id=&quot;app&quot; data-v-app=&quot;&quot;&gt;...&lt;/div&gt;
  (Session info: chrome=133.0.6943.98)
Build info: version: &apos;4.24.0&apos;, revision: &apos;748ffc9bc3&apos;
System info: os.name: &apos;Windows 10&apos;, os.arch: &apos;amd64&apos;, os.version: &apos;10.0&apos;, java.version: &apos;17&apos;
Driver info: org.openqa.selenium.chrome.ChromeDriver
Command: [06c8339a34b3165fadfd85573bb5a87c, clickElement {id=f.C0D2659DB0E94EF47F81CD28768F6F24.d.2335B87732408E36152974D4B2E94259.e.107}]
Capabilities {acceptInsecureCerts: false, browserName: chrome, browserVersion: 133.0.6943.98, chrome: {chromedriverVersion: 133.0.6943.98 (da53563ceb66..., userDataDir: C:\Users\Mohamed\AppData\Lo...}, fedcm:accounts: true, goog:chromeOptions: {debuggerAddress: localhost:50577}, networkConnectionEnabled: false, pageLoadStrategy: normal, platformName: windows, proxy: Proxy(), se:cdp: ws://localhost:50577/devtoo..., se:cdpVersion: 133.0.6943.98, setWindowRect: true, strictFileInteractability: false, timeouts: {implicit: 0, pageLoad: 300000, script: 30000}, unhandledPromptBehavior: dismiss and notify, webauthn:extension:credBlob: true, webauthn:extension:largeBlob: true, webauthn:extension:minPinLength: true, webauthn:extension:prf: true, webauthn:virtualAuthenticators: true}
Element: [[ChromeDriver: chrome on windows (06c8339a34b3165fadfd85573bb5a87c)] -&gt; class name: orangehrm-left-space]
Session ID: 06c8339a34b3165fadfd85573bb5a87c
	at org.openqa.selenium.remote.ErrorCodec.decode(ErrorCodec.java:167)
	at org.openqa.selenium.remote.codec.w3c.W3CHttpResponseCodec.decode(W3CHttpResponseCodec.java:138)
	at org.openqa.selenium.remote.codec.w3c.W3CHttpResponseCodec.decode(W3CHttpResponseCodec.java:50)
	at org.openqa.selenium.remote.HttpCommandExecutor.execute(HttpCommandExecutor.java:190)
	at org.openqa.selenium.remote.service.DriverCommandExecutor.invokeExecute(DriverCommandExecutor.java:216)
	at org.openqa.selenium.remote.service.DriverCommandExecutor.execute(DriverCommandExecutor.java:174)
	at org.openqa.selenium.remote.RemoteWebDriver.execute(RemoteWebDriver.java:545)
	at org.openqa.selenium.remote.RemoteWebElement.execute(RemoteWebElement.java:223)
	at org.openqa.selenium.remote.RemoteWebElement.click(RemoteWebElement.java:76)
	at org.openqa.selenium.support.pagefactory.internal.LocatingElementHandler.invoke(LocatingElementHandler.java:51)
	at jdk.proxy2/jdk.proxy2.$Proxy14.click(Unknown Source)
	at Admin.EmailConfiguration.navigateToEmailConfiguration(EmailConfiguration.java:152)
	at TestAdmin.TestEmailConfiguration.testEditEmailConfiguration(TestEmailConfiguration.java:14)
	at java.base/java.util.ArrayList.forEach(ArrayList.java:1511)
... Removed 35 stack frames</div></td></tr></table><p class="totop"><a href="#summary">back to summary</a></p>
<h3 id="m3">TestAdmin.TestEmailSubscriptions#testAddNewEmailSubscription</h3><table class="result"><tr><th>Exception</th></tr><tr><td><div class="stacktrace">java.lang.AssertionError: Subscription was not added successfully. expected [true] but found [false]
	at TestAdmin.TestEmailSubscriptions.testAddNewEmailSubscription(TestEmailSubscriptions.java:33)
	at java.base/java.util.ArrayList.forEach(ArrayList.java:1511)
... Removed 30 stack frames</div></td></tr></table><p class="totop"><a href="#summary">back to summary</a></p>
<h3 id="m4">TestAdmin.TestEmailSubscriptions#testEditEmailConfiguration</h3><table class="result"><tr><th>Exception</th></tr><tr><td><div class="stacktrace">org.openqa.selenium.NoSuchElementException: no such element: Unable to locate element: {&quot;method&quot;:&quot;css selector&quot;,&quot;selector&quot;:&quot;h6[class=&apos;oxd-text oxd-text--h6 orangehrm-main-title&apos;]&quot;}
  (Session info: chrome=133.0.6943.98)
For documentation on this error, please visit: https://www.selenium.dev/documentation/webdriver/troubleshooting/errors#no-such-element-exception
Build info: version: &apos;4.24.0&apos;, revision: &apos;748ffc9bc3&apos;
System info: os.name: &apos;Windows 10&apos;, os.arch: &apos;amd64&apos;, os.version: &apos;10.0&apos;, java.version: &apos;17&apos;
Driver info: org.openqa.selenium.chrome.ChromeDriver
Command: [97a2401acef3f5457183186a88b820a9, findElement {value=h6[class=&apos;oxd-text oxd-text--h6 orangehrm-main-title&apos;], using=css selector}]
Capabilities {acceptInsecureCerts: false, browserName: chrome, browserVersion: 133.0.6943.98, chrome: {chromedriverVersion: 133.0.6943.98 (da53563ceb66..., userDataDir: C:\Users\Mohamed\AppData\Lo...}, fedcm:accounts: true, goog:chromeOptions: {debuggerAddress: localhost:50637}, networkConnectionEnabled: false, pageLoadStrategy: normal, platformName: windows, proxy: Proxy(), se:cdp: ws://localhost:50637/devtoo..., se:cdpVersion: 133.0.6943.98, setWindowRect: true, strictFileInteractability: false, timeouts: {implicit: 0, pageLoad: 300000, script: 30000}, unhandledPromptBehavior: dismiss and notify, webauthn:extension:credBlob: true, webauthn:extension:largeBlob: true, webauthn:extension:minPinLength: true, webauthn:extension:prf: true, webauthn:virtualAuthenticators: true}
Session ID: 97a2401acef3f5457183186a88b820a9
	at org.openqa.selenium.remote.ErrorCodec.decode(ErrorCodec.java:167)
	at org.openqa.selenium.remote.codec.w3c.W3CHttpResponseCodec.decode(W3CHttpResponseCodec.java:138)
	at org.openqa.selenium.remote.codec.w3c.W3CHttpResponseCodec.decode(W3CHttpResponseCodec.java:50)
	at org.openqa.selenium.remote.HttpCommandExecutor.execute(HttpCommandExecutor.java:190)
	at org.openqa.selenium.remote.service.DriverCommandExecutor.invokeExecute(DriverCommandExecutor.java:216)
	at org.openqa.selenium.remote.service.DriverCommandExecutor.execute(DriverCommandExecutor.java:174)
	at org.openqa.selenium.remote.RemoteWebDriver.execute(RemoteWebDriver.java:545)
	at org.openqa.selenium.remote.ElementLocation$ElementFinder$2.findElement(ElementLocation.java:165)
	at org.openqa.selenium.remote.ElementLocation.findElement(ElementLocation.java:59)
	at org.openqa.selenium.remote.RemoteWebDriver.findElement(RemoteWebDriver.java:368)
	at org.openqa.selenium.remote.RemoteWebDriver.findElement(RemoteWebDriver.java:362)
	at Admin.EmailSubscription.NavigateToNewEmailSubscription(EmailSubscription.java:135)
	at TestAdmin.TestEmailSubscriptions.testEditEmailConfiguration(TestEmailSubscriptions.java:21)
	at java.base/java.util.ArrayList.forEach(ArrayList.java:1511)
... Removed 31 stack frames</div></td></tr></table><p class="totop"><a href="#summary">back to summary</a></p>
<h3 id="m5">TestAdmin.TestJobTitle#testJobExistance</h3><table class="result"><tr><th>Exception</th></tr><tr><td><div class="stacktrace">java.lang.AssertionError: expected [true] but found [false]
	at TestAdmin.TestJobTitle.testJobExistance(TestJobTitle.java:25)
	at java.base/java.util.ArrayList.forEach(ArrayList.java:1511)
... Removed 31 stack frames</div></td></tr></table><p class="totop"><a href="#summary">back to summary</a></p>
<h3 id="m6">TestAdmin.TestAddSystemUsers#testAddUsersNegativeScenario</h3><table class="result"><tr><th class="invisible"/></tr></table><p class="totop"><a href="#summary">back to summary</a></p>
<h3 id="m7">TestAdmin.TestAdminSearchPage#verfiyResetSearchButton</h3><table class="result"><tr><th class="invisible"/></tr></table><p class="totop"><a href="#summary">back to summary</a></p>
<h3 id="m8">TestAdmin.TestAdminSearchPage#verifySearchSystemsUsersviaName</h3><table class="result"><tr><th class="invisible"/></tr></table><p class="totop"><a href="#summary">back to summary</a></p>
<h3 id="m9">TestAdmin.TestCorporateBranding#testEditCorporateBranding</h3><table class="result"><tr><th class="invisible"/></tr></table><p class="totop"><a href="#summary">back to summary</a></p>
<h3 id="m10">TestAdmin.TestEditSystemUsers#testAddUsersPositiveScenario</h3><table class="result"><tr><th class="invisible"/></tr></table><p class="totop"><a href="#summary">back to summary</a></p>
<h3 id="m11">TestAdmin.TestJobTitle#testJobDeletion</h3><table class="result"><tr><th class="invisible"/></tr></table><p class="totop"><a href="#summary">back to summary</a></p>
<h3 id="m12">TestAdmin.TestJobTitle#testJobTitleCreationNegative</h3><table class="result"><tr><th class="invisible"/></tr></table><p class="totop"><a href="#summary">back to summary</a></p>
<h3 id="m13">TestAdmin.TestJobTitle#testJobTitleCreationPositive</h3><table class="result"><tr><th class="invisible"/></tr></table><p class="totop"><a href="#summary">back to summary</a></p>
<h3 id="m14">TestAdmin.TestJobTitle#testUploadFileExceedSize</h3><table class="result"><tr><th class="invisible"/></tr></table><p class="totop"><a href="#summary">back to summary</a></p>
<h3 id="m15">TestAdmin.TestLoginLandingPage#verifyLoginFuncationlaity</h3><table class="result"><tr><th class="invisible"/></tr></table><p class="totop"><a href="#summary">back to summary</a></p>
<h3 id="m16">TestAdmin.TestOrganization#testOrgPositive</h3><table class="result"><tr><th class="invisible"/></tr></table><p class="totop"><a href="#summary">back to summary</a></p>
<h3 id="m17">TestAdmin.TestWorkShift#testWorkShiftCreationInvalidShift</h3><table class="result"><tr><th class="invisible"/></tr></table><p class="totop"><a href="#summary">back to summary</a></p>
<h3 id="m18">TestAdmin.TestWorkShift#testWorkShiftCreationNameExisted</h3><table class="result"><tr><th class="invisible"/></tr></table><p class="totop"><a href="#summary">back to summary</a></p>
<h3 id="m19">TestAdmin.TestWorkShift#testWorkShiftCreationPositive</h3><table class="result"><tr><th class="invisible"/></tr></table><p class="totop"><a href="#summary">back to summary</a></p>
</body>
</html>
